{"numTotalTestSuites":9,"numPassedTestSuites":9,"numFailedTestSuites":0,"numPendingTestSuites":0,"numTotalTests":30,"numPassedTests":23,"numFailedTests":7,"numPendingTests":0,"numTodoTests":0,"startTime":1772715761329,"success":false,"testResults":[{"assertionResults":[{"ancestorTitles":["","vault.clar","lock-collateral"],"fullName":" vault.clar lock-collateral succeeds and returns nonce u1 for first lock","status":"passed","title":"succeeds and returns nonce u1 for first lock","duration":54,"failureMessages":[]},{"ancestorTitles":["","vault.clar","lock-collateral"],"fullName":" vault.clar lock-collateral nonce increments correctly for successive users","status":"passed","title":"nonce increments correctly for successive users","duration":45,"failureMessages":[]},{"ancestorTitles":["","vault.clar","lock-collateral"],"fullName":" vault.clar lock-collateral stores correct vault data after lock","status":"failed","title":"stores correct vault data after lock","duration":48,"failureMessages":["intToBigInt: Invalid value type. Must be a number, bigint, BigInt-compatible string, or Uint8Array."],"location":{"line":372,"column":9}},{"ancestorTitles":["","vault.clar","lock-collateral"],"fullName":" vault.clar lock-collateral expiry-block is locked-at-block + 25920 blocks (~6 months)","status":"failed","title":"expiry-block is locked-at-block + 25920 blocks (~6 months)","duration":33,"failureMessages":["Cannot read properties of undefined (reading 'locked-at-block')"],"location":{"line":102,"column":37}},{"ancestorTitles":["","vault.clar","lock-collateral"],"fullName":" vault.clar lock-collateral emits CollateralLocked print event","status":"failed","title":"emits CollateralLocked print event","duration":32,"failureMessages":["intToBigInt: Invalid value type. Must be a number, bigint, BigInt-compatible string, or Uint8Array."],"location":{"line":372,"column":9}},{"ancestorTitles":["","vault.clar","lock-collateral"],"fullName":" vault.clar lock-collateral rejects zero amount with ERR-ZERO-AMOUNT (u101)","status":"passed","title":"rejects zero amount with ERR-ZERO-AMOUNT (u101)","duration":35,"failureMessages":[]},{"ancestorTitles":["","vault.clar","lock-collateral"],"fullName":" vault.clar lock-collateral rejects duplicate lock from same address with ERR-ALREADY-LOCKED (u103)","status":"passed","title":"rejects duplicate lock from same address with ERR-ALREADY-LOCKED (u103)","duration":47,"failureMessages":[]},{"ancestorTitles":["","vault.clar","lock-collateral"],"fullName":" vault.clar lock-collateral vault is none before any lock","status":"passed","title":"vault is none before any lock","duration":30,"failureMessages":[]},{"ancestorTitles":["","vault.clar","lock-collateral"],"fullName":" vault.clar lock-collateral nonce-counter data-var increments after lock","status":"passed","title":"nonce-counter data-var increments after lock","duration":33,"failureMessages":[]},{"ancestorTitles":["","vault.clar","get-owner-by-nonce"],"fullName":" vault.clar get-owner-by-nonce returns correct principal for each nonce","status":"passed","title":"returns correct principal for each nonce","duration":45,"failureMessages":[]},{"ancestorTitles":["","vault.clar","get-owner-by-nonce"],"fullName":" vault.clar get-owner-by-nonce returns none for a nonce that has never been used","status":"passed","title":"returns none for a nonce that has never been used","duration":29,"failureMessages":[]},{"ancestorTitles":["","vault.clar","mark-credit-active"],"fullName":" vault.clar mark-credit-active only the relayer (deployer) can call it","status":"passed","title":"only the relayer (deployer) can call it","duration":35,"failureMessages":[]},{"ancestorTitles":["","vault.clar","mark-credit-active"],"fullName":" vault.clar mark-credit-active sets credit-active to true in vault map","status":"failed","title":"sets credit-active to true in vault map","duration":39,"failureMessages":["Cannot read properties of undefined (reading 'credit-active')"],"location":{"line":222,"column":20}},{"ancestorTitles":["","vault.clar","mark-credit-active"],"fullName":" vault.clar mark-credit-active emits CreditLineActivated print event","status":"passed","title":"emits CreditLineActivated print event","duration":31,"failureMessages":[]},{"ancestorTitles":["","vault.clar","mark-credit-active"],"fullName":" vault.clar mark-credit-active fails with ERR-VAULT-NOT-FOUND for unknown nonce","status":"passed","title":"fails with ERR-VAULT-NOT-FOUND for unknown nonce","duration":29,"failureMessages":[]},{"ancestorTitles":["","vault.clar","mark-credit-active"],"fullName":" vault.clar mark-credit-active fails if vault is already released","status":"passed","title":"fails if vault is already released","duration":40,"failureMessages":[]},{"ancestorTitles":["","vault.clar","release-collateral"],"fullName":" vault.clar release-collateral relayer can release at any time regardless of expiry","status":"passed","title":"relayer can release at any time regardless of expiry","duration":33,"failureMessages":[]},{"ancestorTitles":["","vault.clar","release-collateral"],"fullName":" vault.clar release-collateral marks vault as released after relayer releases","status":"failed","title":"marks vault as released after relayer releases","duration":37,"failureMessages":["Cannot read properties of undefined (reading 'released')"],"location":{"line":294,"column":26}},{"ancestorTitles":["","vault.clar","release-collateral"],"fullName":" vault.clar release-collateral owner cannot release before expiry ΓÇö ERR-LOCK-ACTIVE (u104)","status":"passed","title":"owner cannot release before expiry ΓÇö ERR-LOCK-ACTIVE (u104)","duration":32,"failureMessages":[]},{"ancestorTitles":["","vault.clar","release-collateral"],"fullName":" vault.clar release-collateral third party cannot release ΓÇö ERR-LOCK-ACTIVE (u104)","status":"passed","title":"third party cannot release ΓÇö ERR-LOCK-ACTIVE (u104)","duration":33,"failureMessages":[]},{"ancestorTitles":["","vault.clar","release-collateral"],"fullName":" vault.clar release-collateral cannot release an already-released vault ΓÇö ERR-NOT-AUTHORIZED (u105)","status":"passed","title":"cannot release an already-released vault ΓÇö ERR-NOT-AUTHORIZED (u105)","duration":35,"failureMessages":[]},{"ancestorTitles":["","vault.clar","release-collateral"],"fullName":" vault.clar release-collateral fails with ERR-VAULT-NOT-FOUND for address with no vault","status":"passed","title":"fails with ERR-VAULT-NOT-FOUND for address with no vault","duration":29,"failureMessages":[]},{"ancestorTitles":["","vault.clar","release-collateral"],"fullName":" vault.clar release-collateral emits CollateralReleased print event","status":"passed","title":"emits CollateralReleased print event","duration":31,"failureMessages":[]},{"ancestorTitles":["","vault.clar","set-relayer"],"fullName":" vault.clar set-relayer contract owner can update the relayer address","status":"passed","title":"contract owner can update the relayer address","duration":30,"failureMessages":[]},{"ancestorTitles":["","vault.clar","set-relayer"],"fullName":" vault.clar set-relayer non-owner cannot update the relayer ΓÇö ERR-NOT-OWNER (u100)","status":"passed","title":"non-owner cannot update the relayer ΓÇö ERR-NOT-OWNER (u100)","duration":28,"failureMessages":[]},{"ancestorTitles":["","vault.clar","set-relayer"],"fullName":" vault.clar set-relayer new relayer can call mark-credit-active after being set","status":"passed","title":"new relayer can call mark-credit-active after being set","duration":35,"failureMessages":[]},{"ancestorTitles":["","vault.clar","is-expired"],"fullName":" vault.clar is-expired returns false immediately after lock (simnet timestamp is 0)","status":"passed","title":"returns false immediately after lock (simnet timestamp is 0)","duration":39,"failureMessages":[]},{"ancestorTitles":["","vault.clar","is-expired"],"fullName":" vault.clar is-expired returns false for an address with no vault","status":"passed","title":"returns false for an address with no vault","duration":30,"failureMessages":[]},{"ancestorTitles":["","vault.clar","full lifecycle"],"fullName":" vault.clar full lifecycle lock ΓåÆ mark-active ΓåÆ release completes cleanly","status":"failed","title":"lock ΓåÆ mark-active ΓåÆ release completes cleanly","duration":34,"failureMessages":["Cannot read properties of undefined (reading 'credit-active')"],"location":{"line":462,"column":20}},{"ancestorTitles":["","vault.clar","full lifecycle"],"fullName":" vault.clar full lifecycle two different users have independent vaults and nonces","status":"failed","title":"two different users have independent vaults and nonces","duration":50,"failureMessages":["Cannot read properties of undefined (reading 'nonce')"],"location":{"line":488,"column":23}}],"startTime":1772715765860,"endTime":1772715766945,"status":"failed","message":"","name":"C:/Users/OWNER/Desktop/Vault-wise/bitcredit/stacks-vault/tests/vault.test.ts"}]}
